<?xml version="1.0" encoding="utf-8"?><testsuites name="pytest tests"><testsuite name="pytest" errors="0" failures="0" skipped="0" tests="35" time="46.897" timestamp="2026-07-22T03:05:55.078779+00:00" hostname="agent-env-5f86d5e3-36bc-4008-b889-4656b757a91d"><testcase classname="tests.backend_test.TestAuth" name="test_login_seed" time="0.449" /><testcase classname="tests.backend_test.TestAuth" name="test_login_wrong_password" time="0.484" /><testcase classname="tests.backend_test.TestVirtualTrial" name="test_trial_metformin" time="5.200" /><testcase classname="tests.backend_test.TestAuth" name="test_me_requires_auth" time="0.111" /><testcase classname="tests.backend_test.TestAuth" name="test_me_with_bearer" time="0.372" /><testcase classname="tests.backend_test.TestAuth" name="test_register_new_doctor" time="0.367" /><testcase classname="tests.backend_test.TestPatients" name="test_seed_patients_present" time="0.110" /><testcase classname="tests.backend_test.TestPatients" name="test_get_patient_returns_twin" time="0.223" /><testcase classname="tests.backend_test.TestPatients" name="test_create_update_delete_patient" time="0.635" /><testcase classname="tests.backend_test.TestIronMechanistic" name="test_simulate_ferrous_sulfate_hb_rises" time="0.206" /><testcase classname="tests.backend_test.TestIronMechanistic" name="test_ferrous_dose_sensitivity" time="0.212" /><testcase classname="tests.backend_test.TestIronMechanistic" name="test_optimise_ferrous_sulfate" time="6.579" /><testcase classname="tests.backend_test.TestVirtualTrial" name="test_trial_lisinopril" time="6.616" /><testcase classname="tests.backend_test.TestTrialHistory" name="test_run_persists_and_list_and_detail" time="4.994" /><testcase classname="tests.backend_test.TestVirtualTrial" name="test_trial_salbutamol" time="7.858" /><testcase classname="tests.backend_test.TestTrialHistory" name="test_trial_detail_not_found" time="0.101" /><testcase classname="tests.backend_test.TestTrialHistory" name="test_trials_list_requires_auth" time="0.096" /><testcase classname="tests.backend_test.TestSimulate" name="test_simulate_metformin_lowers_glucose" time="0.100" /><testcase classname="tests.backend_test.TestSimulate" name="test_simulate_unknown_drug" time="0.091" /><testcase classname="tests.backend_test.TestDeeperModels" name="test_simulate_lisinopril_bp_trajectory" time="0.212" /><testcase classname="tests.backend_test.TestDeeperModels" name="test_simulate_salbutamol_spo2_trajectory" time="0.102" /><testcase classname="tests.backend_test.TestCombinationTherapy" name="test_lisinopril_combo_with_amlodipine" time="6.402" /><testcase classname="tests.backend_test.TestVirtualTrial" name="test_trial_unknown_drug" time="0.184" /><testcase classname="tests.backend_test.TestCatalog" name="test_catalog" time="0.124" /><testcase classname="tests.backend_test.TestCatalog" name="test_catalog_requires_auth" time="0.099" /><testcase classname="tests.backend_test.TestThyroidMechanistic" name="test_simulate_levothyroxine_tsh_falls" time="0.254" /><testcase classname="tests.backend_test.TestThyroidMechanistic" name="test_optimise_levothyroxine_hits_band" time="6.540" /><testcase classname="tests.backend_test.TestCombinationTherapy" name="test_metformin_combo_with_empagliflozin_on_south_asian" time="6.001" /><testcase classname="tests.backend_test.TestRoot" name="test_root" time="0.052" /><testcase classname="tests.backend_test.TestAnalyse" name="test_analyse_std_vs_sa" time="0.254" /><testcase classname="tests.backend_test.TestDiseaseScan" name="test_disease_scan_anaya" time="6.329" /><testcase classname="tests.backend_test.TestSensorStream" name="test_sse_unauthenticated_and_streams_events" time="3.217" /><testcase classname="tests.backend_test.TestSensorStream" name="test_sse_unknown_patient" time="0.153" /><testcase classname="tests.backend_test.TestOptimise" name="test_optimise_metformin" time="6.058" /><testcase classname="tests.backend_test.TestCaseAndSave" name="test_case_summary_and_save" time="6.815" /></testsuite></testsuites>