<?xml version="1.0" encoding="utf-8"?><testsuites name="pytest tests"><testsuite name="pytest" errors="0" failures="0" skipped="0" tests="17" time="19.441" timestamp="2026-07-21T18:50:56.716785+00:00" hostname="agent-env-5f86d5e3-36bc-4008-b889-4656b757a91d"><testcase classname="tests.backend_test.TestAuth" name="test_login_seed" time="0.641" /><testcase classname="tests.backend_test.TestPatients" name="test_seed_patients_present" time="0.640" /><testcase classname="tests.backend_test.TestAuth" name="test_login_wrong_password" time="0.302" /><testcase classname="tests.backend_test.TestAuth" name="test_me_requires_auth" time="0.155" /><testcase classname="tests.backend_test.TestPatients" name="test_get_patient_returns_twin" time="0.467" /><testcase classname="tests.backend_test.TestPatients" name="test_create_update_delete_patient" time="1.309" /><testcase classname="tests.backend_test.TestAuth" name="test_me_with_bearer" time="0.397" /><testcase classname="tests.backend_test.TestAuth" name="test_register_new_doctor" time="0.383" /><testcase classname="tests.backend_test.TestSimulate" name="test_simulate_metformin_lowers_glucose" time="0.230" /><testcase classname="tests.backend_test.TestSimulate" name="test_simulate_unknown_drug" time="0.126" /><testcase classname="tests.backend_test.TestRoot" name="test_root" time="0.115" /><testcase classname="tests.backend_test.TestAnalyse" name="test_analyse_std_vs_sa" time="0.248" /><testcase classname="tests.backend_test.TestCatalog" name="test_catalog" time="0.126" /><testcase classname="tests.backend_test.TestCatalog" name="test_catalog_requires_auth" time="0.107" /><testcase classname="tests.backend_test.TestDiseaseScan" name="test_disease_scan_anaya" time="6.306" /><testcase classname="tests.backend_test.TestCaseAndSave" name="test_case_summary_and_save" time="7.810" /><testcase classname="tests.backend_test.TestOptimise" name="test_optimise_metformin" time="10.033" /></testsuite></testsuites>